<?xml version="1.0" encoding="UTF-8"?>
<!-- Generated by org.testng.reporters.JUnitReportReporter -->
<testsuite hostname="DESKTOP-7LBT8H4" failures="0" tests="1" name="com.diamond.testcases.CheckBoxDemo" time="23.692" errors="0" timestamp="22 Dec 2020 01:28:43 GMT">
  <testcase classname="com.diamond.testcases.CheckBoxDemo" name="runTest1" time="23.692"/>
</testsuite> <!-- com.diamond.testcases.CheckBoxDemo -->
