<?xml version="1.0" encoding="UTF-8"?>
<!-- Generated by org.testng.reporters.JUnitReportReporter -->
<testsuite hostname="DESKTOP-7LBT8H4" failures="0" tests="1" name="com.diamond.testcases.CheckBoxDemo" time="2.094" errors="0" timestamp="1 Nov 2020 21:37:19 GMT">
  <testcase classname="com.diamond.testcases.CheckBoxDemo" name="runTest1" time="2.094"/>
</testsuite> <!-- com.diamond.testcases.CheckBoxDemo -->
