<?xml version="1.0" encoding="UTF-8"?>
<!-- Generated by org.testng.reporters.JUnitReportReporter -->
<testsuite hostname="DESKTOP-7LBT8H4" failures="0" tests="1" name="com.diamond.testcases.CheckBoxDemo" time="2.592" errors="0" timestamp="31 Oct 2020 04:15:30 GMT">
  <testcase classname="com.diamond.testcases.CheckBoxDemo" name="runTest1" time="2.592"/>
</testsuite> <!-- com.diamond.testcases.CheckBoxDemo -->
